mode: set
main.go/business/categories/usercase.go:14.73,19.2 1 1
main.go/business/categories/usercase.go:21.95,23.27 1 1
main.go/business/categories/usercase.go:27.2,29.16 2 1
main.go/business/categories/usercase.go:33.2,33.22 1 1
main.go/business/categories/usercase.go:23.27,25.3 1 1
main.go/business/categories/usercase.go:29.16,31.3 1 1
main.go/business/categories/usercase.go:36.87,41.16 4 1
main.go/business/categories/usercase.go:45.2,45.22 1 1
main.go/business/categories/usercase.go:41.16,43.3 1 1
main.go/business/categories/usercase.go:48.80,53.16 4 1
main.go/business/categories/usercase.go:57.2,57.22 1 1
main.go/business/categories/usercase.go:53.16,55.3 1 1
main.go/business/categories/usercase.go:60.90,65.16 4 1
main.go/business/categories/usercase.go:69.2,69.22 1 1
main.go/business/categories/usercase.go:65.16,67.3 1 1
main.go/business/jobs/usecase.go:14.68,19.2 1 1
main.go/business/jobs/usecase.go:21.85,23.24 1 1
main.go/business/jobs/usecase.go:27.2,29.16 2 1
main.go/business/jobs/usecase.go:33.2,33.17 1 1
main.go/business/jobs/usecase.go:23.24,25.3 1 1
main.go/business/jobs/usecase.go:29.16,31.3 1 1
main.go/business/jobs/usecase.go:36.71,41.16 4 1
main.go/business/jobs/usecase.go:45.2,45.18 1 1
main.go/business/jobs/usecase.go:41.16,43.3 1 1
main.go/business/jobs/usecase.go:48.77,53.16 4 1
main.go/business/jobs/usecase.go:57.2,57.17 1 1
main.go/business/jobs/usecase.go:53.16,55.3 1 1
main.go/business/jobs/usecase.go:60.62,65.16 4 1
main.go/business/jobs/usecase.go:69.2,69.12 1 1
main.go/business/jobs/usecase.go:65.16,67.3 1 1
main.go/business/jobs/usecase.go:72.80,77.16 4 1
main.go/business/jobs/usecase.go:81.2,81.17 1 1
main.go/business/jobs/usecase.go:77.16,79.3 1 1
main.go/business/jobs/usecase.go:84.85,89.16 4 1
main.go/business/jobs/usecase.go:93.2,93.17 1 1
main.go/business/jobs/usecase.go:89.16,91.3 1 1
main.go/business/jobs/usecase.go:96.96,101.16 4 1
main.go/business/jobs/usecase.go:105.2,105.17 1 1
main.go/business/jobs/usecase.go:101.16,103.3 1 1
main.go/business/applications/usecase.go:13.76,18.2 1 1
main.go/business/applications/usecase.go:30.101,38.16 2 1
main.go/business/applications/usecase.go:42.2,42.25 1 1
main.go/business/applications/usecase.go:38.16,40.3 1 1
main.go/business/applications/usecase.go:45.87,50.16 4 1
main.go/business/applications/usecase.go:54.2,54.26 1 1
main.go/business/applications/usecase.go:50.16,52.3 1 1
main.go/business/applications/usecase.go:69.78,74.16 4 1
main.go/business/applications/usecase.go:78.2,78.12 1 1
main.go/business/applications/usecase.go:74.16,76.3 1 1
main.go/business/companies/usecase.go:13.72,18.2 1 1
main.go/business/companies/usecase.go:46.85,51.16 4 1
main.go/business/companies/usecase.go:55.2,55.21 1 1
main.go/business/companies/usecase.go:51.16,53.3 1 1
main.go/business/companies/usecase.go:58.78,63.16 4 1
main.go/business/companies/usecase.go:67.2,67.21 1 1
main.go/business/companies/usecase.go:63.16,65.3 1 1
main.go/business/companies/usecase.go:70.91,76.16 4 1
main.go/business/companies/usecase.go:80.2,80.21 1 1
main.go/business/companies/usecase.go:76.16,78.3 1 1
main.go/business/companies/usecase.go:83.84,88.16 4 1
main.go/business/companies/usecase.go:92.2,92.21 1 1
main.go/business/companies/usecase.go:88.16,90.3 1 1
main.go/business/companies/usecase.go:95.95,99.16 2 1
main.go/business/companies/usecase.go:103.2,103.21 1 1
main.go/business/companies/usecase.go:99.16,101.3 1 1
main.go/business/companies/usecase.go:106.75,111.16 4 1
main.go/business/companies/usecase.go:115.2,115.12 1 1
main.go/business/companies/usecase.go:111.16,113.3 1 1
main.go/business/admins/usecase.go:17.104,23.2 1 1
main.go/business/admins/usecase.go:25.83,27.24 1 1
main.go/business/admins/usecase.go:31.2,31.27 1 1
main.go/business/admins/usecase.go:35.2,36.16 2 1
main.go/business/admins/usecase.go:40.2,41.16 2 1
main.go/business/admins/usecase.go:44.2,44.19 1 1
main.go/business/admins/usecase.go:27.24,29.3 1 1
main.go/business/admins/usecase.go:31.27,33.3 1 1
main.go/business/admins/usecase.go:36.16,38.3 1 1
main.go/business/admins/usecase.go:41.16,43.3 1 0
main.go/business/admins/usecase.go:47.81,52.16 4 1
main.go/business/admins/usecase.go:56.2,56.19 1 1
main.go/business/admins/usecase.go:52.16,54.3 1 1
main.go/business/admins/usecase.go:59.74,64.16 4 1
main.go/business/admins/usecase.go:68.2,68.19 1 1
main.go/business/admins/usecase.go:64.16,66.3 1 1
main.go/business/admins/usecase.go:71.87,77.16 4 1
main.go/business/admins/usecase.go:81.2,81.19 1 1
main.go/business/admins/usecase.go:77.16,79.3 1 1
main.go/business/admins/usecase.go:84.80,89.16 4 1
main.go/business/admins/usecase.go:93.2,93.19 1 1
main.go/business/admins/usecase.go:89.16,91.3 1 1
main.go/business/admins/usecase.go:96.91,98.24 1 1
main.go/business/admins/usecase.go:102.2,102.27 1 1
main.go/business/admins/usecase.go:106.2,108.16 2 1
main.go/business/admins/usecase.go:112.2,112.19 1 1
main.go/business/admins/usecase.go:98.24,100.3 1 1
main.go/business/admins/usecase.go:102.27,104.3 1 1
main.go/business/admins/usecase.go:108.16,110.3 1 1
main.go/business/admins/usecase.go:115.70,120.16 4 1
main.go/business/admins/usecase.go:124.2,124.12 1 1
main.go/business/admins/usecase.go:120.16,122.3 1 1
main.go/business/users/usecase.go:17.103,23.2 1 1
main.go/business/users/usecase.go:25.82,27.24 1 1
main.go/business/users/usecase.go:31.2,31.27 1 1
main.go/business/users/usecase.go:35.2,36.16 2 1
main.go/business/users/usecase.go:40.2,41.16 2 1
main.go/business/users/usecase.go:44.2,44.18 1 1
main.go/business/users/usecase.go:27.24,29.3 1 1
main.go/business/users/usecase.go:31.27,33.3 1 1
main.go/business/users/usecase.go:36.16,38.3 1 1
main.go/business/users/usecase.go:41.16,43.3 1 0
main.go/business/users/usecase.go:47.79,52.16 4 1
main.go/business/users/usecase.go:56.2,56.18 1 1
main.go/business/users/usecase.go:52.16,54.3 1 1
main.go/business/users/usecase.go:59.72,64.16 4 1
main.go/business/users/usecase.go:68.2,68.18 1 1
main.go/business/users/usecase.go:64.16,66.3 1 1
main.go/business/users/usecase.go:71.85,77.16 4 1
main.go/business/users/usecase.go:81.2,81.18 1 1
main.go/business/users/usecase.go:77.16,79.3 1 1
main.go/business/users/usecase.go:84.78,89.16 4 1
main.go/business/users/usecase.go:93.2,93.18 1 1
main.go/business/users/usecase.go:89.16,91.3 1 1
main.go/business/users/usecase.go:96.89,98.24 1 1
main.go/business/users/usecase.go:102.2,102.27 1 1
main.go/business/users/usecase.go:106.2,108.16 2 1
main.go/business/users/usecase.go:112.2,112.18 1 1
main.go/business/users/usecase.go:98.24,100.3 1 1
main.go/business/users/usecase.go:102.27,104.3 1 1
main.go/business/users/usecase.go:108.16,110.3 1 1
